\BOOKMARK [0][-]{chapter*.2}{\376\377\000A\000b\000s\000t\000r\000a\000c\000t}{}% 1
\BOOKMARK [0][-]{section*.4}{\376\377\000P\000o\000v\000z\000e\000t\000e\000k}{}% 2
\BOOKMARK [0][-]{chapter.1}{\376\377\000U\000v\000o\000d}{}% 3
\BOOKMARK [0][-]{chapter.2}{\376\377\000O\000p\000i\000s\000\040\000p\000o\000n\000u\000d\000n\000i\000k\000o\000v\000\040\000i\000n\000\040\000s\000t\000o\000r\000i\000t\000e\000v}{}% 4
\BOOKMARK [1][-]{section.2.1}{\376\377\000H\000u\000g\000g\000i\000n\000g\000\040\000F\000a\000c\000e}{chapter.2}% 5
\BOOKMARK [1][-]{section.2.2}{\376\377\000G\000o\000o\000g\000l\000e\000\040\000C\000l\000o\000u\000d}{chapter.2}% 6
\BOOKMARK [1][-]{section.2.3}{\376\377\000A\000m\000a\000z\000o\000n\000\040\000W\000e\000b\000\040\000S\000e\000r\000v\000i\000c\000e\000s\000\040}{chapter.2}% 7
\BOOKMARK [1][-]{section.2.4}{\376\377\000A\000z\000u\000r\000e}{chapter.2}% 8
\BOOKMARK [0][-]{chapter.3}{\376\377\000I\000z\000b\000r\000a\000n\000a\000\040\000p\000o\000d\000r\000o\001\015\000j\000a\000\040\000u\000p\000o\000r\000a\000b\000e}{}% 9
\BOOKMARK [1][-]{section.3.1}{\376\377\000P\000r\000e\000p\000o\000z\000n\000a\000v\000a\000n\000j\000e\000\040\000i\000m\000e\000n\000s\000k\000i\000h\000\040\000e\000n\000t\000i\000t\000e\000t}{chapter.3}% 10
\BOOKMARK [1][-]{section.3.2}{\376\377\000A\000n\000a\000l\000i\000z\000a\000\040\000s\000e\000n\000t\000i\000m\000e\000n\000t\000a}{chapter.3}% 11
\BOOKMARK [1][-]{section.3.3}{\376\377\000P\000o\000v\000z\000e\000m\000a\000n\000j\000e\000\040\000b\000e\000s\000e\000d\000i\000l\000a}{chapter.3}% 12
\BOOKMARK [1][-]{section.3.4}{\376\377\000L\000u\001\141\001\015\000e\000n\000j\000e\000\040\000k\000l\000j\000u\001\015\000n\000i\000h\000\040\000b\000e\000s\000e\000d}{chapter.3}% 13
\BOOKMARK [1][-]{section.3.5}{\376\377\000K\000l\000a\000s\000i\000f\000i\000k\000a\000c\000i\000j\000a\000\040\000b\000e\000s\000e\000d\000i\000l\000a}{chapter.3}% 14
\BOOKMARK [1][-]{section.3.6}{\376\377\000Z\000a\000z\000n\000a\000v\000a\000\040\000o\000b\000j\000e\000k\000t\000o\000v}{chapter.3}% 15
\BOOKMARK [0][-]{chapter.4}{\376\377\000K\000o\000r\000p\000u\000s\000i}{}% 16
\BOOKMARK [1][-]{section.4.1}{\376\377\000K\000a\000j\000\040\000j\000e\000\040\000k\000o\000r\000p\000u\000s\000?}{chapter.4}% 17
\BOOKMARK [1][-]{section.4.2}{\376\377\000U\000p\000o\000r\000a\000b\000l\000j\000e\000n\000i\000\040\000k\000o\000r\000p\000u\000s\000i}{chapter.4}% 18
\BOOKMARK [0][-]{chapter.5}{\376\377\000M\000e\000t\000r\000i\000k\000e}{}% 19
\BOOKMARK [1][-]{section.5.1}{\376\377\000O\000p\000i\000s\000\040\000s\000p\000e\000m\000e\000n\000l\000j\000i\000v\000k\000\040\000z\000a\000\040\000i\000z\000r\000a\001\015\000u\000n\000\040\000m\000e\000t\000r\000i\000k}{chapter.5}% 20
\BOOKMARK [1][-]{section.5.2}{\376\377\000N\000a\000t\000a\000n\001\015\000n\000o\000s\000t\000\040\000\050\000P\000r\000e\000c\000i\000s\000i\000o\000n\000\051}{chapter.5}% 21
\BOOKMARK [1][-]{section.5.3}{\376\377\000O\000d\000z\000i\000v\000n\000o\000s\000t\000\040\000\050\000R\000e\000c\000a\000l\000l\000\051}{chapter.5}% 22
\BOOKMARK [1][-]{section.5.4}{\376\377\000F\0001\000\040\000o\000c\000e\000n\000a\000\040\000\050\000F\0001\000-\000s\000c\000o\000r\000e\000\051}{chapter.5}% 23
\BOOKMARK [1][-]{section.5.5}{\376\377\000A\000c\000c\000u\000r\000a\000c\000y}{chapter.5}% 24
\BOOKMARK [1][-]{section.5.6}{\376\377\000R\000O\000U\000G\000E}{chapter.5}% 25
\BOOKMARK [0][-]{chapter.6}{\376\377\000A\000n\000a\000l\000i\000z\000a\000\040\000r\000a\000z\000i\000s\000k\000a\000v\000e}{}% 26
\BOOKMARK [1][-]{section.6.1}{\376\377\000P\000r\000e\000p\000o\000z\000n\000a\000v\000a\000n\000j\000e\000\040\000i\000m\000e\000n\000s\000k\000i\000h\000\040\000e\000n\000t\000i\000t\000e\000t\000\040\000\050\000N\000a\000m\000e\000d\000\040\000E\000n\000t\000i\000t\000y\000\040\000R\000e\000c\000o\000g\000n\000i\000t\000i\000o\000n\000\051}{chapter.6}% 27
\BOOKMARK [1][-]{section.6.2}{\376\377\000P\000o\000v\000z\000e\000t\000e\000k\000\040\000\050\000S\000u\000m\000m\000a\000r\000i\000s\000a\000t\000i\000o\000n\000\051}{chapter.6}% 28
\BOOKMARK [1][-]{section.6.3}{\376\377\000I\000z\000v\000l\000e\001\015\000e\000k\000\040\000b\000e\000s\000e\000d\000n\000e\000\040\000z\000v\000e\000z\000e\000\040\000\050\000K\000e\000y\000\040\000P\000h\000r\000a\000s\000e\000s\000\051}{chapter.6}% 29
\BOOKMARK [1][-]{section.6.4}{\376\377\000K\000l\000a\000s\000i\000f\000i\000k\000a\000c\000i\000j\000a\000\040\000b\000e\000s\000e\000d\000i\000l\000a\000\040\000\050\000T\000e\000x\000t\000\040\000C\000l\000a\000s\000s\000i\000f\000i\000c\000a\000t\000i\000o\000n\000\051}{chapter.6}% 30
\BOOKMARK [1][-]{section.6.5}{\376\377\000Z\000a\000z\000n\000a\000v\000a\000\040\000o\000b\000j\000e\000k\000t\000o\000v\000\040\000\050\000O\000b\000j\000e\000c\000t\000\040\000D\000e\000t\000e\000c\000t\000i\000o\000n\000\051}{chapter.6}% 31
\BOOKMARK [0][-]{chapter.7}{\376\377\000Z\000a\000k\000l\000j\000u\001\015\000e\000k}{}% 32
